<?xml version="1.0" encoding="UTF-8"?>
<coverage generated="1636557990928" clover="3.2.0">
  <project timestamp="1636557990929" name="All files">
    <metrics statements="5" coveredstatements="5" conditionals="2" coveredconditionals="2" methods="2" coveredmethods="2" elements="9" coveredelements="9" complexity="0" loc="5" ncloc="5" packages="1" files="1" classes="1"/>
    <file name="App.js" path="/Users/hemanshumahajan/Code/prac-projects/TDD/ReactNative/color-button/App.js">
      <metrics statements="5" coveredstatements="5" conditionals="2" coveredconditionals="2" methods="2" coveredmethods="2"/>
      <line num="5" count="1" type="stmt"/>
      <line num="6" count="10" type="stmt"/>
      <line num="8" count="10" type="stmt"/>
      <line num="16" count="1" type="stmt"/>
      <line num="24" count="1" type="stmt"/>
    </file>
  </project>
</coverage>
