{"/Users/hemanshumahajan/Code/prac-projects/TDD/ReactNative/color-button/App.js": {"path":"/Users/hemanshumahajan/Code/prac-projects/TDD/ReactNative/color-button/App.js","statementMap":{"0":{"start":{"line":5,"column":12},"end":{"line":22,"column":1}},"1":{"start":{"line":6,"column":36},"end":{"line":6,"column":51}},"2":{"start":{"line":8,"column":2},"end":{"line":21,"column":4}},"3":{"start":{"line":16,"column":23},"end":{"line":16,"column":47}},"4":{"start":{"line":24,"column":15},"end":{"line":37,"column":2}}},"fnMap":{"0":{"name":"(anonymous_0)","decl":{"start":{"line":5,"column":12},"end":{"line":5,"column":13}},"loc":{"start":{"line":5,"column":18},"end":{"line":22,"column":1}},"line":5},"1":{"name":"(anonymous_1)","decl":{"start":{"line":16,"column":17},"end":{"line":16,"column":18}},"loc":{"start":{"line":16,"column":23},"end":{"line":16,"column":47}},"line":16}},"branchMap":{"0":{"loc":{"start":{"line":13,"column":7},"end":{"line":13,"column":59}},"type":"binary-expr","locations":[{"start":{"line":13,"column":7},"end":{"line":13,"column":16}},{"start":{"line":13,"column":20},"end":{"line":13,"column":59}}],"line":13}},"s":{"0":1,"1":10,"2":10,"3":1,"4":1},"f":{"0":10,"1":1},"b":{"0":[10,1]},"_coverageSchema":"1a1c01bbd47fc00a2c39e90264f33305004495a9","hash":"0cdbf38fdead71fc3c1d858bfc6eaac702fdce90"}
}
